2024-04-07 19:09:13.442 [info] Added views:workbench.panel.markers.view in workbench.panel.markers
2024-04-07 19:09:13.442 [info] Added views:workbench.panel.output in workbench.panel.output
2024-04-07 19:09:13.442 [info] Added views:terminal in terminal
2024-04-07 19:09:13.442 [info] Added views:outline in workbench.view.explorer
2024-04-07 19:09:13.442 [info] Added views:workbench.scm in workbench.view.scm
2024-04-07 19:09:13.442 [info] Added views:workbench.view.search in workbench.view.search
2024-04-07 19:09:13.442 [info] Added views:timeline in workbench.view.explorer
2024-04-07 19:09:13.442 [info] Added views:workbench.explorer.emptyView in workbench.view.explorer
2024-04-07 19:09:13.742 [info] Added views:workbench.debug.variablesView,workbench.debug.watchExpressionsView,workbench.debug.callStackView,workbench.debug.breakPointsView in workbench.view.debug
2024-04-07 19:09:16.052 [info] Added views:~remote.forwardedPorts in ~remote.forwardedPortsContainer
2024-04-07 19:09:16.264 [info] Added views:workbench.panel.repl.view in workbench.panel.repl
2024-04-07 19:09:16.265 [info] Removed views:workbench.debug.breakPointsView,workbench.debug.callStackView,workbench.debug.watchExpressionsView,workbench.debug.variablesView from workbench.view.debug
2024-04-07 19:09:16.265 [info] Added views:workbench.debug.welcome in workbench.view.debug
2024-04-07 19:09:47.683 [info] Added views:workbench.views.extensions.installed,workbench.views.extensions.popular,extensions.recommendedList in workbench.view.extensions
2024-04-07 19:09:47.683 [info] Removed views:workbench.views.extensions.popular from workbench.view.extensions
2024-04-07 19:09:48.345 [info] Removed views:extensions.recommendedList,workbench.views.extensions.installed from workbench.view.extensions
2024-04-07 19:09:48.364 [info] Added views:workbench.views.extensions.otherRecommendations in workbench.view.extensions
2024-04-07 19:20:01.644 [info] Added views:workbench.debug.breakPointsView in workbench.view.debug
2024-04-07 19:20:06.781 [info] Removed views:workbench.views.extensions.otherRecommendations from workbench.view.extensions
2024-04-07 19:20:06.880 [info] Added views:workbench.views.extensions.marketplace in workbench.view.extensions
2024-04-07 19:20:10.785 [info] Removed views:workbench.views.extensions.marketplace from workbench.view.extensions
2024-04-07 19:20:10.803 [info] Added views:workbench.views.extensions.installed,workbench.views.extensions.popular,extensions.recommendedList in workbench.view.extensions
2024-04-07 19:20:12.742 [info] Removed views:extensions.recommendedList,workbench.views.extensions.popular,workbench.views.extensions.installed from workbench.view.extensions
2024-04-07 19:20:12.748 [info] Added views:workbench.views.extensions.marketplace in workbench.view.extensions
2024-04-07 19:25:00.926 [info] Added views:workbench.view.testing in workbench.view.extension.test
2024-04-07 19:25:39.698 [info] Removed views:workbench.debug.welcome from workbench.view.debug
2024-04-07 19:25:39.722 [info] Added views:workbench.debug.variablesView,workbench.debug.watchExpressionsView,workbench.debug.callStackView in workbench.view.debug
2024-04-07 19:25:40.503 [info] Removed views:workbench.debug.callStackView,workbench.debug.watchExpressionsView,workbench.debug.variablesView from workbench.view.debug
2024-04-07 19:25:40.565 [info] Added views:workbench.debug.welcome in workbench.view.debug
